Fri May 30 18:12:39 CAT 2025 : Apache Derby Network Server - 10.10.1.3 - (1557168) started and ready to accept connections on port 1527
----------------------------------------------------------------
Fri May 30 18:12:39 CAT 2025:
Booting Derby version The Apache Software Foundation - Apache Derby - 10.10.1.3 - (1557168): instance a816c00e-0197-21f7-73f4-00001686bbf9 
on database directory C:\Users\Munyadziwa Petrus\Desktop\Lifestyle-Survey-App\LifeStyleSurveyDB with class loader sun.misc.Launcher$AppClassLoader@1d44bcfa 
Loaded from file:/C:/Program%20Files/Java/jdk1.8.0_31/db/lib/derby.jar
java.vendor=Oracle Corporation
java.runtime.version=1.8.0_31-b13
user.dir=C:\Program Files\Java\jdk1.8.0_31\db
os.name=Windows 8.1
os.arch=amd64
os.version=6.3
derby.system.home=C:\Users\Munyadziwa Petrus\Desktop\Lifestyle-Survey-App
Database Class Loader started - derby.database.classpath=''
----------------------------------------------------------------
Fri May 30 18:12:41 CAT 2025:
Shutting down instance a816c00e-0197-21f7-73f4-00001686bbf9 on database directory C:\Users\Munyadziwa Petrus\Desktop\Lifestyle-Survey-App\LifeStyleSurveyDB with class loader sun.misc.Launcher$AppClassLoader@1d44bcfa 
Fri May 30 18:12:41 CAT 2025 Thread[DRDAConnThread_3,5,main] (DATABASE = LifeStyleSurveyDB), (DRDAID = {2}), Database 'LifeStyleSurveyDB' shutdown.
----------------------------------------------------------------
Fri May 30 18:12:46 CAT 2025:
Booting Derby version The Apache Software Foundation - Apache Derby - 10.10.1.3 - (1557168): instance ed8940a7-0197-21f7-73f4-00001686bbf9 
on database directory C:\Users\Munyadziwa Petrus\Desktop\Lifestyle-Survey-App\LifeStyleSurveyDB with class loader sun.misc.Launcher$AppClassLoader@1d44bcfa 
Loaded from file:/C:/Program%20Files/Java/jdk1.8.0_31/db/lib/derby.jar
java.vendor=Oracle Corporation
java.runtime.version=1.8.0_31-b13
user.dir=C:\Program Files\Java\jdk1.8.0_31\db
os.name=Windows 8.1
os.arch=amd64
os.version=6.3
derby.system.home=C:\Users\Munyadziwa Petrus\Desktop\Lifestyle-Survey-App
Database Class Loader started - derby.database.classpath=''
